make all --print-data-base --no-builtin-variables --no-builtin-rules --question
# GNU Make 3.81
# Copyright (C) 2006  Free Software Foundation, Inc.
# This is free software; see the source for copying conditions.
# There is NO warranty; not even for MERCHANTABILITY or FITNESS FOR A
# PARTICULAR PURPOSE.

# This program built for i386-apple-darwin11.3.0

# Make data base, printed on Tue Aug 16 15:47:27 2022

# Variables

# automatic
<D = $(patsubst %/,%,$(dir $<))
# automatic
?F = $(notdir $?)
# makefile (from `Makefile', line 35)
OBJ = $(addsuffix .o, $(basename $(SRC))) 
# makefile (from `Makefile', line 13)
SRC = arcball.cpp camera.cpp cube.cpp grid.cpp error.cpp eyelight.cpp light.cpp scene.cpp shader.cpp quad.cpp material.cpp node.cpp objlight.cpp polyoffset.cpp sphere.cpp state.cpp texdepth.cpp texture.cpp transform.cpp main.cpp 
# makefile (from `Makefile', line 2)
TARGET = t
# automatic
?D = $(patsubst %/,%,$(dir $?))
# makefile (from `Makefile', line 11)
CPPFLAGS = -g -Wall -std=c++17 -DGL_SILENCE_DEPRECATION 
# automatic
@D = $(patsubst %/,%,$(dir $@))
# automatic
@F = $(notdir $@)
# makefile
CURDIR := /Users/celes/DI/CG/2022.2/codes/core/scenegraph
# makefile
SHELL = /bin/sh
# environment
VSCODE_NLS_CONFIG = {"locale":"en-us","availableLanguages":{},"_languagePackSupport":true}
# environment
_ = /usr/bin/make
# makefile (from `Makefile', line 1)
MAKEFILE_LIST :=  Makefile
# environment
__CFBundleIdentifier = com.microsoft.VSCode
# environment
INFOPATH = /opt/homebrew/share/info:
# makefile (from `Makefile', line 9)
CPP = CC
# environment
VSCODE_CWD = /
# environment
PATH = .:~/bin:/usr/local/bin:/usr/local/cuda/bin:/opt/local/bin:/opt/local/sbin:/opt/homebrew/bin:/opt/homebrew/bin:/opt/homebrew/sbin:/usr/local/bin:/usr/bin:/bin:/usr/sbin:/sbin:/Library/TeX/texbin:/Library/Apple/usr/bin:/opt/homebrew/bin
# environment
CPUPROFILE = profile
# environment
ELECTRON_RUN_AS_NODE = 1
# makefile (from `Makefile', line 7)
LIB = -L.  -L/opt/homebrew/lib
# default
.FEATURES := target-specific order-only second-expansion else-if archives jobserver check-symlink
# environment
SSH_AUTH_SOCK = /private/tmp/com.apple.launchd.CNkPlm5J8d/Listeners
# automatic
%F = $(notdir $%)
# environment
PWD = /Users/celes/DI/CG/2022.2/codes/core/scenegraph
# environment
HOMEBREW_CELLAR = /opt/homebrew/Cellar
# environment
ORIGINAL_XDG_CURRENT_DESKTOP = undefined
# environment
MANPATH = /opt/homebrew/share/man::
# environment
VSCODE_AMD_ENTRYPOINT = vs/workbench/api/node/extensionHostProcess
# environment
HOME = /Users/celes
# environment
LD_LIBRARY_PATH = /opt/homebrew/lib:/Users/celes/Work/base/vismac/lib/MacOS10 
# default
MAKEFILEPATH = $(shell /usr/bin/xcode-select -print-path 2>/dev/null || echo /Developer)/Makefiles
# environment
VSCODE_CODE_CACHE_PATH = /Users/celes/Library/Application Support/Code/CachedData/da76f93349a72022ca4670c1b84860304616aaa2
# environment
LOGNAME = celes
# environment
APPLICATION_INSIGHTS_NO_DIAGNOSTIC_CHANNEL = true
# environment
VSCODE_HANDLES_UNCAUGHT_ERRORS = true
# automatic
^D = $(patsubst %/,%,$(dir $^))
# environment
XPC_FLAGS = 0x0
# default
MAKE = $(MAKE_COMMAND)
# default
MAKECMDGOALS := all
# environment
SHLVL = 1
# environment
LUA_CPATH = lib?.dylib;lib?.so;/Users/celes/Work/base/import/lib/lib?.so;/Users/celes/Work/base/vismac/lib/MacOS10/lib?.so;/Users/celes/Work/lib/lib?.dylib;/Users/celes/Work/lib/lib?.so;/usr/local/lib/lua/5.3/?.so;/Users/celes/Work/base/vismac/lib/MacOS10/lib?.so
# default
MAKE_VERSION := 3.81
# environment
USER = celes
# makefile
.DEFAULT_GOAL := all
# automatic
%D = $(patsubst %/,%,$(dir $%))
# default
MAKE_COMMAND := /Library/Developer/CommandLineTools/usr/bin/make
# makefile (from `Makefile', line 6)
INC = -I. -I/Users/celes/Work/include -I/opt/homebrew/include 
# default
.VARIABLES := 
# environment
TMPDIR = /var/folders/jp/kq34ty7s59q7zw3s4wqrwflr0000gn/T/
# automatic
*F = $(notdir $*)
# environment
VSCODE_IPC_HOOK = /Users/celes/Library/Application Support/Code/1.70.0-main.sock
# environment
MallocNanoZone = 0
# makefile
MAKEFLAGS = Rrqp
# environment
PROMPT = [%~] 
# environment
MFLAGS = -Rrqp
# automatic
*D = $(patsubst %/,%,$(dir $*))
# environment
CGAL_USE_BASIC_VIEWER = open
# environment
XPC_SERVICE_NAME = application.com.microsoft.VSCode.18813036.18813042
# environment
HOMEBREW_PREFIX = /opt/homebrew
# automatic
+D = $(patsubst %/,%,$(dir $+))
# automatic
+F = $(notdir $+)
# environment
SVN_EDITOR = vi
# environment
HOMEBREW_REPOSITORY = /opt/homebrew
# environment
__CF_USER_TEXT_ENCODING = 0x1F5:0x0:0x0
# environment
COMMAND_MODE = unix2003
# default
MAKEFILES := 
# automatic
<F = $(notdir $<)
# environment
LD_RUNPATH_SEARCH_PATH = /opt/homebrew/lib:/Users/celes/Work/base/vismac/lib/MacOS10
# environment
LC_ALL = C
# environment
LUA_PATH = ?.lua;?.lo;../?.lua;/Users/celes/Work/base/?.lua;/Users/celes/Work/base/vismac/lib/lua/lpeg/?.lo;/Users/celes/Work/lib/lua/?.lua;/Users/celes/Work/lib/lua/?.lo;/usr/local/share/lua/5.3/?.lua;/usr/local/share/lua/5.3/?/init.lua;/Users/celes/Work/base/vismac/src/vis/?.lua;/Users/celes/Work/base/vismac/vis/?.lua
# automatic
^F = $(notdir $^)
# default
SUFFIXES := 
# default
.INCLUDE_DIRS = /usr/local/include
# environment
MAKELEVEL := 0
# environment
LANG = C
# environment
VSCODE_PID = 54568
# variable set hash-table stats:
# Load=78/1024=8%, Rehash=0, Collisions=3/106=3%

# Pattern-specific Variable Values

# No pattern-specific variable values.

# Directories

# . (device 16777232, inode 18091461): 78 files, no impossibilities.

# 78 files, no impossibilities in 1 directories.

# Implicit Rules

# No implicit rules.

# Files

# Not a target:
objlight.o:
#  Implicit rule search has been done.
#  Last modified 2022-07-28 16:50:29
#  File has been updated.
#  Successfully updated.
# variable set hash-table stats:
# Load=0/32=0%, Rehash=0, Collisions=0/0=0%

# Not a target:
material.o:
#  Implicit rule search has been done.
#  Last modified 2022-07-28 16:50:28
#  File has been updated.
#  Successfully updated.
# variable set hash-table stats:
# Load=0/32=0%, Rehash=0, Collisions=0/0=0%

# Not a target:
shader.o:
#  Implicit rule search has been done.
#  Last modified 2022-07-28 16:50:28
#  File has been updated.
#  Successfully updated.
# variable set hash-table stats:
# Load=0/32=0%, Rehash=0, Collisions=0/0=0%

all: t
#  Command-line target.
#  Implicit rule search has been done.
#  File does not exist.
#  File has been updated.
#  Successfully updated.
# variable set hash-table stats:
# Load=0/32=0%, Rehash=0, Collisions=0/0=0%

t: arcball.o camera.o cube.o grid.o error.o eyelight.o light.o scene.o shader.o quad.o material.o node.o objlight.o polyoffset.o sphere.o state.o texdepth.o texture.o transform.o main.o Makefile
#  Implicit rule search has not been done.
#  Last modified 2022-07-28 17:31:45
#  File has been updated.
#  Successfully updated.
# variable set hash-table stats:
# Load=0/32=0%, Rehash=0, Collisions=0/0=0%
#  commands to execute (from `Makefile', line 41):
	$(CXX) $(LIB) -o $@ $(OBJ) -lstdc++ -framework OpenGL -lglfw
	

# Not a target:
grid.o:
#  Implicit rule search has been done.
#  Last modified 2022-07-28 16:50:26
#  File has been updated.
#  Successfully updated.
# variable set hash-table stats:
# Load=0/32=0%, Rehash=0, Collisions=0/0=0%

# Not a target:
.SUFFIXES:
#  Implicit rule search has not been done.
#  Modification time never checked.
#  File has not been updated.

# Not a target:
transform.o:
#  Implicit rule search has been done.
#  Last modified 2022-07-28 16:50:31
#  File has been updated.
#  Successfully updated.
# variable set hash-table stats:
# Load=0/32=0%, Rehash=0, Collisions=0/0=0%

# Not a target:
state.o:
#  Implicit rule search has been done.
#  Last modified 2022-07-28 16:50:30
#  File has been updated.
#  Successfully updated.
# variable set hash-table stats:
# Load=0/32=0%, Rehash=0, Collisions=0/0=0%

# Not a target:
Makefile:
#  Implicit rule search has been done.
#  Last modified 2022-07-28 11:29:37
#  File has been updated.
#  Successfully updated.
# variable set hash-table stats:
# Load=0/32=0%, Rehash=0, Collisions=0/0=0%

# Not a target:
camera.o:
#  Implicit rule search has been done.
#  Last modified 2022-07-28 16:50:25
#  File has been updated.
 
#  Successfully updated.
# variable set hash-table stats:
# Load=0/32=0%, Rehash=0, Collisions=0/0=0%

# Not a target:
error.o:
#  Implicit rule search has been done.
#  Last modified 2022-07-28 16:50:26
#  File has been updated.
#  Successfully updated.
# variable set hash-table stats:
# Load=0/32=0%, Rehash=0, Collisions=0/0=0%

# Not a target:
quad.o:
#  Implicit rule search has been done.
#  Last modified 2022-07-28 17:31:44
#  File has been updated.
#  Successfully updated.
# variable set hash-table stats:
# Load=0/32=0%, Rehash=0, Collisions=0/0=0%

# Not a target:
polyoffset.o:
#  Implicit rule search has been done.
#  Last modified 2022-07-28 16:50:29
#  File has been updated.
#  Successfully updated.
# variable set hash-table stats:
# Load=0/32=0%, Rehash=0, Collisions=0/0=0%

# Not a target:
sphere.o:
#  Implicit rule search has been done.
#  Last modified 2022-07-28 16:50:30
#  File has been updated.
#  Successfully updated.
# variable set hash-table stats:
# Load=0/32=0%, Rehash=0, Collisions=0/0=0%

# Not a target:
texture.o:
#  Implicit rule search has been done.
#  Last modified 2022-07-28 17:01:48
#  File has been updated.
#  Successfully updated.
# variable set hash-table stats:
# Load=0/32=0%, Rehash=0, Collisions=0/0=0%

# Not a target:
scene.o:
#  Implicit rule search has been done.
#  Last modified 2022-07-28 16:50:27
#  File has been updated.
#  Successfully updated.
# variable set hash-table stats:
# Load=0/32=0%, Rehash=0, Collisions=0/0=0%

# Not a target:
.DEFAULT:
#  Implicit rule search has not been done.
#  Modification time never checked.
#  File has not been updated.

# Not a target:
light.o:
#  Implicit rule search has been done.
#  Last modified 2022-07-28 16:50:27
#  File has been updated.
#  Successfully updated.
# variable set hash-table stats:
# Load=0/32=0%, Rehash=0, Collisions=0/0=0%

.cpp.o:
#  Implicit rule search has not been done.
#  Modification time never checked.
#  File has not been updated.
#  commands to execute (from `Makefile', line 38):
	$(CPP) $(INC) $(CPPFLAGS) -c $< -o $@ 
	

clean:
#  Implicit rule search has not been done.
#  Modification time never checked.
#  File has not been updated.
#  commands to execute (from `Makefile', line 45):
	rm -f $(TARGET) $(OBJ)
	

# Not a target:
cube.o:
#  Implicit rule search has been done.
#  Last modified 2022-07-28 17:30:53
#  File has been updated.
#  Successfully updated.
# variable set hash-table stats:
# Load=0/32=0%, Rehash=0, Collisions=0/0=0%

# Not a target:
main.o:
#  Implicit rule search has been done.
#  Last modified 2022-07-28 17:03:19
#  File has been updated.
#  Successfully updated.
# variable set hash-table stats:
# Load=0/32=0%, Rehash=0, Collisions=0/0=0%

# Not a target:
texdepth.o:
#  Implicit rule search has been done.
#  Last modified 2022-07-28 16:50:30
#  File has been updated.
#  Successfully updated.
# variable set hash-table stats:
# Load=0/32=0%, Rehash=0, Collisions=0/0=0%

# Not a target:
eyelight.o:
#  Implicit rule search has been done.
#  Last modified 2022-07-28 16:50:27
#  File has been updated.
#  Successfully updated.
# variable set hash-table stats:
# Load=0/32=0%, Rehash=0, Collisions=0/0=0%

# Not a target:
arcball.o:
#  Implicit rule search has been done.
#  Last modified 2022-07-28 16:50:25
#  File has been updated.
#  Successfully updated.
# variable set hash-table stats:
# Load=0/32=0%, Rehash=0, Collisions=0/0=0%

# Not a target:
node.o:
#  Implicit rule search has been done.
#  Last modified 2022-07-28 16:50:29
#  File has been updated.
#  Successfully updated.
# variable set hash-table stats:
# Load=0/32=0%, Rehash=0, Collisions=0/0=0%

# files hash-table stats:
# Load=27/1024=3%, Rehash=0, Collisions=0/62=0%
# VPATH Search Paths

# No `vpath' search paths.

# No general (`VPATH' variable) search path.

# # of strings in strcache: 1
# # of strcache buffers: 1
# strcache size: total = 4096 / max = 4096 / min = 4096 / avg = 4096
# strcache free: total = 4087 / max = 4087 / min = 4087 / avg = 4087

# Finished Make data base on Tue Aug 16 15:47:27 2022

 
